2023-04-27T00:57:43.875+05:30  INFO 2176 --- [main] com.contact.manager.ManagerApplication   : Starting ManagerApplication using Java 17.0.5 with PID 2176 (C:\Users\amitd\Desktop\JAVA Full stack\angular project\contact-manager\manager\target\classes started by amitd in C:\Users\amitd\Desktop\JAVA Full stack\angular project\contact-manager)
2023-04-27T00:57:43.900+05:30  INFO 2176 --- [main] com.contact.manager.ManagerApplication   : No active profile set, falling back to 1 default profile: "default"
2023-04-27T00:57:46.454+05:30  INFO 2176 --- [main] .s.d.r.c.RepositoryConfigurationDelegate : Bootstrapping Spring Data JPA repositories in DEFAULT mode.
2023-04-27T00:57:46.657+05:30  INFO 2176 --- [main] .s.d.r.c.RepositoryConfigurationDelegate : Finished Spring Data repository scanning in 178 ms. Found 3 JPA repository interfaces.
2023-04-27T00:57:47.657+05:30  INFO 2176 --- [main] o.s.b.w.embedded.tomcat.TomcatWebServer  : Tomcat initialized with port(s): 8080 (http)
2023-04-27T00:57:47.674+05:30  INFO 2176 --- [main] o.apache.catalina.core.StandardService   : Starting service [Tomcat]
2023-04-27T00:57:47.676+05:30  INFO 2176 --- [main] o.apache.catalina.core.StandardEngine    : Starting Servlet engine: [Apache Tomcat/10.1.7]
2023-04-27T00:57:47.845+05:30  INFO 2176 --- [main] o.a.c.c.C.[Tomcat].[localhost].[/]       : Initializing Spring embedded WebApplicationContext
2023-04-27T00:57:47.847+05:30  INFO 2176 --- [main] w.s.c.ServletWebServerApplicationContext : Root WebApplicationContext: initialization completed in 3764 ms
2023-04-27T00:57:48.319+05:30  INFO 2176 --- [main] o.hibernate.jpa.internal.util.LogHelper  : HHH000204: Processing PersistenceUnitInfo [name: default]
2023-04-27T00:57:48.452+05:30  INFO 2176 --- [main] org.hibernate.Version                    : HHH000412: Hibernate ORM core version 6.1.7.Final
2023-04-27T00:57:48.968+05:30  INFO 2176 --- [main] com.zaxxer.hikari.HikariDataSource       : HikariPool-1 - Starting...
2023-04-27T00:57:49.634+05:30  INFO 2176 --- [main] com.zaxxer.hikari.pool.HikariPool        : HikariPool-1 - Added connection com.mysql.cj.jdbc.ConnectionImpl@6f2d3391
2023-04-27T00:57:49.641+05:30  INFO 2176 --- [main] com.zaxxer.hikari.HikariDataSource       : HikariPool-1 - Start completed.
2023-04-27T00:57:49.865+05:30  INFO 2176 --- [main] SQL dialect                              : HHH000400: Using dialect: org.hibernate.dialect.MySQLDialect
2023-04-27T00:57:51.980+05:30  INFO 2176 --- [main] o.h.e.t.j.p.i.JtaPlatformInitiator       : HHH000490: Using JtaPlatform implementation: [org.hibernate.engine.transaction.jta.platform.internal.NoJtaPlatform]
2023-04-27T00:57:51.991+05:30  INFO 2176 --- [main] j.LocalContainerEntityManagerFactoryBean : Initialized JPA EntityManagerFactory for persistence unit 'default'
2023-04-27T00:57:52.607+05:30  WARN 2176 --- [main] JpaBaseConfiguration$JpaWebConfiguration : spring.jpa.open-in-view is enabled by default. Therefore, database queries may be performed during view rendering. Explicitly configure spring.jpa.open-in-view to disable this warning
2023-04-27T00:57:53.568+05:30  INFO 2176 --- [main] o.s.b.a.e.web.EndpointLinksResolver      : Exposing 1 endpoint(s) beneath base path '/actuator'
2023-04-27T00:57:53.719+05:30  INFO 2176 --- [main] o.s.b.w.embedded.tomcat.TomcatWebServer  : Tomcat started on port(s): 8080 (http) with context path ''
2023-04-27T00:57:53.738+05:30  INFO 2176 --- [main] com.contact.manager.ManagerApplication   : Started ManagerApplication in 10.528 seconds (process running for 10.972)
2023-04-27T00:57:55.791+05:30  INFO 2176 --- [RMI TCP Connection(2)-127.0.0.1] o.a.c.c.C.[Tomcat].[localhost].[/]       : Initializing Spring DispatcherServlet 'dispatcherServlet'
2023-04-27T00:57:55.794+05:30  INFO 2176 --- [RMI TCP Connection(2)-127.0.0.1] o.s.web.servlet.DispatcherServlet        : Initializing Servlet 'dispatcherServlet'
2023-04-27T00:57:55.801+05:30  INFO 2176 --- [RMI TCP Connection(2)-127.0.0.1] o.s.web.servlet.DispatcherServlet        : Completed initialization in 5 ms
2023-04-27T00:58:58.738+05:30  INFO 2176 --- [http-nio-8080-exec-1] c.c.m.controllers.ContactController      : Getting Contact List of Contact with contactId => [ContactGroup(id=1, name=collegue), ContactGroup(id=2, name=college), ContactGroup(id=3, name=friend), ContactGroup(id=4, name=service), ContactGroup(id=5, name=community), ContactGroup(id=6, name=family)]
2023-04-27T00:59:07.144+05:30  INFO 2176 --- [http-nio-8080-exec-3] c.c.m.controllers.ContactController      : Getting Contact List of Contact with contactId => [ContactGroup(id=1, name=collegue), ContactGroup(id=2, name=college), ContactGroup(id=3, name=friend), ContactGroup(id=4, name=service), ContactGroup(id=5, name=community), ContactGroup(id=6, name=family)]
